Mon Jan 07 2019 17:43:43 GMT+0100 (GMT+01:00): [NEW USER] - Success registering AntoDev into the database
Mon Jan 07 2019 17:48:31 GMT+0100 (GMT+01:00): [NEW USER] - Success registering antoniorv6 into the database
Mon Jan 07 2019 17:50:54 GMT+0100 (GMT+01:00): [NEW USER] - Success registering antoniorv6 into the database
Mon Jan 07 2019 17:52:54 GMT+0100 (GMT+01:00): [NEW USER] - Success registering adfadf into the database
Mon Jan 07 2019 17:54:54 GMT+0100 (GMT+01:00): [NEW USER] - Success registering AntoDev into the database
Mon Jan 07 2019 17:56:37 GMT+0100 (GMT+01:00): [NEW USER] - Success registering adfadfasd into the database
Mon Jan 07 2019 17:58:38 GMT+0100 (GMT+01:00): [NEW USER] - Success registering antoniorv6 into the database
Mon Jan 07 2019 18:00:27 GMT+0100 (GMT+01:00): [NEW USER] - Success registering AntoDev into the database
Mon Jan 07 2019 18:00:49 GMT+0100 (GMT+01:00): [NEW USER] - Success registering AntoDev into the database
Mon Jan 07 2019 18:01:10 GMT+0100 (GMT+01:00): [NEW USER] - Success registering AntoDev into the database
Mon Jan 07 2019 18:01:33 GMT+0100 (GMT+01:00): [NEW USER] - Success registering AntoDev into the database
Mon Jan 07 2019 18:05:16 GMT+0100 (GMT+01:00): [NEW USER] - Success registering antoniorv6 into the database
Mon Jan 07 2019 18:12:45 GMT+0100 (GMT+01:00): [NEW USER] - Success registering antoniorv6 into the database
Mon Jan 07 2019 18:15:02 GMT+0100 (GMT+01:00): [NEW USER] - Success registering adfa into the database
Mon Jan 07 2019 18:15:32 GMT+0100 (GMT+01:00): [NEW USER] - Success registering adfads into the database
Mon Jan 07 2019 18:16:39 GMT+0100 (GMT+01:00): [NEW USER] - Success registering asdf into the database
Mon Jan 07 2019 18:17:07 GMT+0100 (GMT+01:00): [NEW USER] - Success registering antoniorv6 into the database
Mon Jan 07 2019 18:17:57 GMT+0100 (GMT+01:00): [NEW USER] - Success registering adfadf into the database
Mon Jan 07 2019 18:18:38 GMT+0100 (GMT+01:00): [NEW USER] - Success registering adfadsf into the database
Mon Jan 07 2019 18:19:25 GMT+0100 (GMT+01:00): [NEW USER] - Success registering adfadsfadsf into the database
Mon Jan 07 2019 18:20:00 GMT+0100 (GMT+01:00): [NEW USER] - Success registering fadsfadf into the database
Mon Jan 07 2019 18:20:18 GMT+0100 (GMT+01:00): [NEW USER] - Success registering adfasdfads into the database
Mon Jan 07 2019 18:21:25 GMT+0100 (GMT+01:00): [NEW USER] - Success registering adfasdf into the database
Mon Jan 07 2019 18:22:06 GMT+0100 (GMT+01:00): [NEW USER] - Success registering adsfadsf into the database
Mon Jan 07 2019 18:22:31 GMT+0100 (GMT+01:00): [NEW USER] - Success registering asdfadf into the database
Mon Jan 07 2019 18:25:01 GMT+0100 (GMT+01:00): [NEW USER] - Success registering adsfasd into the database
Mon Jan 07 2019 18:25:28 GMT+0100 (GMT+01:00): [NEW USER] - Success registering adfasdf into the database
